build/app/intermediates/manifest_merge_blame_file/debug/manifest-merger-blame-debug-report.txt
1<?xml version="1.0" encoding="utf-8"?>
2<manifest xmlns:android="http://schemas.android.com/apk/res/android"
3    package="com.santosenoque.untitled"
4    android:versionCode="1"
5    android:versionName="1.0.0" >
6
7    <uses-sdk
8        android:minSdkVersion="20"
9        android:targetSdkVersion="30" />
10    <!--
11         Flutter needs it to communicate with the running application
12         to allow setting breakpoints, to provide hot reload, etc.
13    -->
14    <uses-permission android:name="android.permission.INTERNET" />
14-->src\debug\AndroidManifest.xml:6:5-66
14-->src\debug\AndroidManifest.xml:6:22-64
15    <uses-permission android:name="android.permission.WAKE_LOCK" />
15-->[:firebase_messaging] AndroidManifest.xml:8:5-68
15-->[:firebase_messaging] AndroidManifest.xml:8:22-65
16    <uses-permission android:name="android.permission.ACCESS_NETWORK_STATE" /> <!-- Required by older versions of Google Play services to create IID tokens -->
16-->[:firebase_messaging] AndroidManifest.xml:9:5-79
16-->[:firebase_messaging] AndroidManifest.xml:9:22-76
17    <uses-permission android:name="com.google.android.c2dm.permission.RECEIVE" />
17-->[com.google.firebase:firebase-messaging:21.1.0] AndroidManifest.xml:25:5-82
17-->[com.google.firebase:firebase-messaging:21.1.0] AndroidManifest.xml:25:22-79
18
19    <uses-feature
19-->[com.google.android.gms:play-services-maps:17.0.0] AndroidManifest.xml:26:5-28:35
20        android:glEsVersion="0x00020000"
20-->[com.google.android.gms:play-services-maps:17.0.0] AndroidManifest.xml:27:9-41
21        android:required="true" />
21-->[com.google.android.gms:play-services-maps:17.0.0] AndroidManifest.xml:28:9-32
22
23    <application
23-->src\main\AndroidManifest.xml:3:4-40:19
24        android:name="androidx.multidex.MultiDexApplication"
25        android:appComponentFactory="androidx.core.app.CoreComponentFactory"
25-->[androidx.core:core:1.1.0] AndroidManifest.xml:24:18-86
26        android:debuggable="true"
27        android:icon="@mipmap/ic_launcher"
27-->src\main\AndroidManifest.xml:5:9-43
28        android:label="untitled"
28-->src\main\AndroidManifest.xml:4:9-33
29        android:theme="@style/Theme.AppCompat.Light.NoActionBar" >
29-->[:stripe_payment] AndroidManifest.xml:11:18-74
30        <activity
30-->src\main\AndroidManifest.xml:6:9-34:20
31            android:name="com.santosenoque.untitled.MainActivity"
31-->src\main\AndroidManifest.xml:7:13-41
32            android:configChanges="orientation|keyboardHidden|keyboard|screenSize|smallestScreenSize|locale|layoutDirection|fontScale|screenLayout|density|uiMode"
32-->src\main\AndroidManifest.xml:10:13-163
33            android:hardwareAccelerated="true"
33-->src\main\AndroidManifest.xml:11:13-47
34            android:launchMode="singleTop"
34-->src\main\AndroidManifest.xml:8:13-43
35            android:theme="@style/LaunchTheme"
35-->src\main\AndroidManifest.xml:9:13-47
36            android:windowSoftInputMode="adjustResize" >
36-->src\main\AndroidManifest.xml:12:13-55
37
38            <!--
39                 Specifies an Android theme to apply to this Activity as soon as
40                 the Android process has started. This theme is visible to the user
41                 while the Flutter UI initializes. After that, this theme continues
42                 to determine the Window background behind the Flutter UI.
43            -->
44            <meta-data
44-->src\main\AndroidManifest.xml:17:13-20:17
45                android:name="io.flutter.embedding.android.NormalTheme"
45-->src\main\AndroidManifest.xml:18:15-70
46                android:resource="@style/NormalTheme" />
46-->src\main\AndroidManifest.xml:19:15-52
47            <!--
48                 Displays an Android View that continues showing the launch screen
49                 Drawable until Flutter paints its first frame, then this splash
50                 screen fades out. A splash screen is useful to avoid any visual
51                 gap between the end of Android's launch screen and the painting of
52                 Flutter's first frame.
53            -->
54            <meta-data
54-->src\main\AndroidManifest.xml:26:13-29:17
55                android:name="io.flutter.embedding.android.SplashScreenDrawable"
55-->src\main\AndroidManifest.xml:27:15-79
56                android:resource="@drawable/launch_background" />
56-->src\main\AndroidManifest.xml:28:15-61
57
58            <intent-filter>
58-->src\main\AndroidManifest.xml:30:13-33:29
59                <action android:name="android.intent.action.MAIN" />
59-->src\main\AndroidManifest.xml:31:17-68
59-->src\main\AndroidManifest.xml:31:25-66
60
61                <category android:name="android.intent.category.LAUNCHER" />
61-->src\main\AndroidManifest.xml:32:17-76
61-->src\main\AndroidManifest.xml:32:27-74
62            </intent-filter>
63        </activity>
64        <!--
65             Don't delete the meta-data below.
66             This is used by the Flutter tool to generate GeneratedPluginRegistrant.java
67        -->
68        <meta-data
68-->src\main\AndroidManifest.xml:37:9-39:33
69            android:name="flutterEmbedding"
69-->src\main\AndroidManifest.xml:38:13-44
70            android:value="2" />
70-->src\main\AndroidManifest.xml:39:13-30
71
72        <service
72-->[:firebase_auth] AndroidManifest.xml:8:9-12:19
73            android:name="com.google.firebase.components.ComponentDiscoveryService"
73-->[:firebase_auth] AndroidManifest.xml:8:18-89
74            android:directBootAware="true"
74-->[com.google.firebase:firebase-common:19.5.0] AndroidManifest.xml:35:13-43
75            android:exported="false" >
75-->[com.google.firebase:firebase-messaging:21.1.0] AndroidManifest.xml:51:13-37
76            <meta-data
76-->[:firebase_auth] AndroidManifest.xml:9:13-11:85
77                android:name="com.google.firebase.components:io.flutter.plugins.firebase.auth.FlutterFirebaseAuthRegistrar"
77-->[:firebase_auth] AndroidManifest.xml:10:17-124
78                android:value="com.google.firebase.components.ComponentRegistrar" />
78-->[:firebase_auth] AndroidManifest.xml:11:17-82
79            <meta-data
79-->[:firebase_messaging] AndroidManifest.xml:34:13-36:85
80                android:name="com.google.firebase.components:io.flutter.plugins.firebase.messaging.FlutterFirebaseAppRegistrar"
80-->[:firebase_messaging] AndroidManifest.xml:35:17-128
81                android:value="com.google.firebase.components.ComponentRegistrar" />
81-->[:firebase_messaging] AndroidManifest.xml:36:17-82
82            <meta-data
82-->[:cloud_firestore] AndroidManifest.xml:9:13-11:85
83                android:name="com.google.firebase.components:io.flutter.plugins.firebase.firestore.FlutterFirebaseFirestoreRegistrar"
83-->[:cloud_firestore] AndroidManifest.xml:10:17-134
84                android:value="com.google.firebase.components.ComponentRegistrar" />
84-->[:cloud_firestore] AndroidManifest.xml:11:17-82
85            <meta-data
85-->[:firebase_core] AndroidManifest.xml:9:13-11:85
86                android:name="com.google.firebase.components:io.flutter.plugins.firebase.core.FlutterFirebaseCoreRegistrar"
86-->[:firebase_core] AndroidManifest.xml:10:17-124
87                android:value="com.google.firebase.components.ComponentRegistrar" />
87-->[:firebase_core] AndroidManifest.xml:11:17-82
88            <meta-data
88-->[com.google.firebase:firebase-messaging:21.1.0] AndroidManifest.xml:52:13-54:85
89                android:name="com.google.firebase.components:com.google.firebase.messaging.FirebaseMessagingRegistrar"
89-->[com.google.firebase:firebase-messaging:21.1.0] AndroidManifest.xml:53:17-119
90                android:value="com.google.firebase.components.ComponentRegistrar" />
90-->[com.google.firebase:firebase-messaging:21.1.0] AndroidManifest.xml:54:17-82
91            <meta-data
91-->[com.google.firebase:firebase-datatransport:17.0.10] AndroidManifest.xml:28:13-30:85
92                android:name="com.google.firebase.components:com.google.firebase.datatransport.TransportRegistrar"
92-->[com.google.firebase:firebase-datatransport:17.0.10] AndroidManifest.xml:29:17-115
93                android:value="com.google.firebase.components.ComponentRegistrar" />
93-->[com.google.firebase:firebase-datatransport:17.0.10] AndroidManifest.xml:30:17-82
94            <meta-data
94-->[com.google.firebase:firebase-auth:20.0.4] AndroidManifest.xml:77:13-79:85
95                android:name="com.google.firebase.components:com.google.firebase.auth.FirebaseAuthRegistrar"
95-->[com.google.firebase:firebase-auth:20.0.4] AndroidManifest.xml:78:17-109
96                android:value="com.google.firebase.components.ComponentRegistrar" />
96-->[com.google.firebase:firebase-auth:20.0.4] AndroidManifest.xml:79:17-82
97            <meta-data
97-->[com.google.firebase:firebase-iid:21.1.0] AndroidManifest.xml:32:13-34:85
98                android:name="com.google.firebase.components:com.google.firebase.iid.Registrar"
98-->[com.google.firebase:firebase-iid:21.1.0] AndroidManifest.xml:33:17-96
99                android:value="com.google.firebase.components.ComponentRegistrar" />
99-->[com.google.firebase:firebase-iid:21.1.0] AndroidManifest.xml:34:17-82
100            <meta-data
100-->[com.google.firebase:firebase-firestore:22.1.2] AndroidManifest.xml:20:13-22:85
101                android:name="com.google.firebase.components:com.google.firebase.firestore.FirestoreRegistrar"
101-->[com.google.firebase:firebase-firestore:22.1.2] AndroidManifest.xml:21:17-111
102                android:value="com.google.firebase.components.ComponentRegistrar" />
102-->[com.google.firebase:firebase-firestore:22.1.2] AndroidManifest.xml:22:17-82
103            <meta-data
103-->[com.google.firebase:firebase-installations:16.3.5] AndroidManifest.xml:18:13-20:85
104                android:name="com.google.firebase.components:com.google.firebase.installations.FirebaseInstallationsRegistrar"
104-->[com.google.firebase:firebase-installations:16.3.5] AndroidManifest.xml:19:17-127
105                android:value="com.google.firebase.components.ComponentRegistrar" />
105-->[com.google.firebase:firebase-installations:16.3.5] AndroidManifest.xml:20:17-82
106            <!--
107                This registrar is not defined in the dynamic-module-support sdk itself to allow non-firebase
108                clients to use it as well, by defining this registrar in their own core/common library.
109            -->
110            <meta-data
110-->[com.google.firebase:firebase-common:19.5.0] AndroidManifest.xml:43:13-45:85
111                android:name="com.google.firebase.components:com.google.firebase.dynamicloading.DynamicLoadingRegistrar"
111-->[com.google.firebase:firebase-common:19.5.0] AndroidManifest.xml:44:17-121
112                android:value="com.google.firebase.components.ComponentRegistrar" />
112-->[com.google.firebase:firebase-common:19.5.0] AndroidManifest.xml:45:17-82
113        </service>
114        <service
114-->[:firebase_messaging] AndroidManifest.xml:12:9-15:72
115            android:name="io.flutter.plugins.firebase.messaging.FlutterFirebaseMessagingBackgroundService"
115-->[:firebase_messaging] AndroidManifest.xml:13:13-107
116            android:exported="false"
116-->[:firebase_messaging] AndroidManifest.xml:14:13-37
117            android:permission="android.permission.BIND_JOB_SERVICE" />
117-->[:firebase_messaging] AndroidManifest.xml:15:13-69
118        <service
118-->[:firebase_messaging] AndroidManifest.xml:16:9-22:19
119            android:name="io.flutter.plugins.firebase.messaging.FlutterFirebaseMessagingService"
119-->[:firebase_messaging] AndroidManifest.xml:17:13-97
120            android:exported="false" >
120-->[:firebase_messaging] AndroidManifest.xml:18:13-37
121            <intent-filter>
121-->[:firebase_messaging] AndroidManifest.xml:19:13-21:29
122                <action android:name="com.google.firebase.MESSAGING_EVENT" />
122-->[:firebase_messaging] AndroidManifest.xml:20:17-78
122-->[:firebase_messaging] AndroidManifest.xml:20:25-75
123            </intent-filter>
124        </service>
125
126        <receiver
126-->[:firebase_messaging] AndroidManifest.xml:24:9-31:20
127            android:name="io.flutter.plugins.firebase.messaging.FlutterFirebaseMessagingReceiver"
127-->[:firebase_messaging] AndroidManifest.xml:25:13-98
128            android:exported="true"
128-->[:firebase_messaging] AndroidManifest.xml:26:13-36
129            android:permission="com.google.android.c2dm.permission.SEND" >
129-->[:firebase_messaging] AndroidManifest.xml:27:13-73
130            <intent-filter>
130-->[:firebase_messaging] AndroidManifest.xml:28:13-30:29
131                <action android:name="com.google.android.c2dm.intent.RECEIVE" />
131-->[:firebase_messaging] AndroidManifest.xml:29:17-81
131-->[:firebase_messaging] AndroidManifest.xml:29:25-78
132            </intent-filter>
133        </receiver>
134
135        <provider
135-->[:firebase_messaging] AndroidManifest.xml:39:9-43:38
136            android:name="io.flutter.plugins.firebase.messaging.FlutterFirebaseMessagingInitProvider"
136-->[:firebase_messaging] AndroidManifest.xml:40:13-102
137            android:authorities="com.santosenoque.untitled.flutterfirebasemessaginginitprovider"
137-->[:firebase_messaging] AndroidManifest.xml:41:13-88
138            android:exported="false"
138-->[:firebase_messaging] AndroidManifest.xml:42:13-37
139            android:initOrder="99" />
139-->[:firebase_messaging] AndroidManifest.xml:43:13-35
140
141        <meta-data
141-->[:stripe_payment] AndroidManifest.xml:12:9-14:36
142            android:name="com.google.android.gms.wallet.api.enabled"
142-->[:stripe_payment] AndroidManifest.xml:13:13-69
143            android:value="true" />
143-->[:stripe_payment] AndroidManifest.xml:14:13-33
144
145        <activity
145-->[:stripe_payment] AndroidManifest.xml:16:9-20:75
146            android:name="com.gettipsi.stripe.OpenBrowserActivity"
146-->[:stripe_payment] AndroidManifest.xml:17:13-67
147            android:exported="false"
147-->[:stripe_payment] AndroidManifest.xml:18:13-37
148            android:launchMode="singleTask"
148-->[:stripe_payment] AndroidManifest.xml:19:13-44
149            android:theme="@android:style/Theme.Translucent.NoTitleBar" />
149-->[:stripe_payment] AndroidManifest.xml:20:13-72
150        <activity
150-->[:stripe_payment] AndroidManifest.xml:21:9-34:20
151            android:name="com.gettipsi.stripe.RedirectUriReceiver"
151-->[:stripe_payment] AndroidManifest.xml:22:13-67
152            android:exported="true"
152-->[:stripe_payment] AndroidManifest.xml:23:13-36
153            android:launchMode="singleTask"
153-->[:stripe_payment] AndroidManifest.xml:24:13-44
154            android:theme="@android:style/Theme.Translucent.NoTitleBar.Fullscreen" >
154-->[:stripe_payment] AndroidManifest.xml:25:13-83
155            <intent-filter>
155-->[:stripe_payment] AndroidManifest.xml:26:13-33:29
156                <action android:name="android.intent.action.VIEW" />
156-->[:stripe_payment] AndroidManifest.xml:27:17-69
156-->[:stripe_payment] AndroidManifest.xml:27:25-66
157
158                <category android:name="android.intent.category.DEFAULT" />
158-->[:stripe_payment] AndroidManifest.xml:29:17-76
158-->[:stripe_payment] AndroidManifest.xml:29:27-73
159                <category android:name="android.intent.category.BROWSABLE" />
159-->[:stripe_payment] AndroidManifest.xml:30:17-78
159-->[:stripe_payment] AndroidManifest.xml:30:27-75
160
161                <data android:scheme="example" />
161-->[:stripe_payment] AndroidManifest.xml:32:17-50
161-->[:stripe_payment] AndroidManifest.xml:32:23-47
162            </intent-filter>
163        </activity>
164        <activity
164-->[com.stripe:stripe-android:10.4.6] AndroidManifest.xml:12:9-14:57
165            android:name="com.stripe.android.view.AddPaymentMethodActivity"
165-->[com.stripe:stripe-android:10.4.6] AndroidManifest.xml:13:13-76
166            android:theme="@style/StripeDefaultTheme" />
166-->[com.stripe:stripe-android:10.4.6] AndroidManifest.xml:14:13-54
167        <activity
167-->[com.stripe:stripe-android:10.4.6] AndroidManifest.xml:15:9-17:57
168            android:name="com.stripe.android.view.PaymentMethodsActivity"
168-->[com.stripe:stripe-android:10.4.6] AndroidManifest.xml:16:13-74
169            android:theme="@style/StripeDefaultTheme" />
169-->[com.stripe:stripe-android:10.4.6] AndroidManifest.xml:17:13-54
170        <activity
170-->[com.stripe:stripe-android:10.4.6] AndroidManifest.xml:18:9-20:57
171            android:name="com.stripe.android.view.PaymentFlowActivity"
171-->[com.stripe:stripe-android:10.4.6] AndroidManifest.xml:19:13-71
172            android:theme="@style/StripeDefaultTheme" />
172-->[com.stripe:stripe-android:10.4.6] AndroidManifest.xml:20:13-54
173        <activity
173-->[com.stripe:stripe-android:10.4.6] AndroidManifest.xml:21:9-23:57
174            android:name="com.stripe.android.view.PaymentAuthWebViewActivity"
174-->[com.stripe:stripe-android:10.4.6] AndroidManifest.xml:22:13-78
175            android:theme="@style/StripeDefaultTheme" />
175-->[com.stripe:stripe-android:10.4.6] AndroidManifest.xml:23:13-54
176        <activity
176-->[com.stripe:stripe-android:10.4.6] AndroidManifest.xml:24:9-26:57
177            android:name="com.stripe.android.view.PaymentRelayActivity"
177-->[com.stripe:stripe-android:10.4.6] AndroidManifest.xml:25:13-72
178            android:theme="@style/StripeDefaultTheme" />
178-->[com.stripe:stripe-android:10.4.6] AndroidManifest.xml:26:13-54
179        <activity
179-->[com.stripe:stripe-3ds2-android:1.2.2] AndroidManifest.xml:12:9-14:54
180            android:name="com.stripe.android.stripe3ds2.views.ChallengeActivity"
180-->[com.stripe:stripe-3ds2-android:1.2.2] AndroidManifest.xml:13:13-81
181            android:theme="@style/Stripe3DS2Theme" />
181-->[com.stripe:stripe-3ds2-android:1.2.2] AndroidManifest.xml:14:13-51
182        <activity
182-->[com.stripe:stripe-3ds2-android:1.2.2] AndroidManifest.xml:15:9-17:54
183            android:name="com.stripe.android.stripe3ds2.views.ChallengeProgressDialogActivity"
183-->[com.stripe:stripe-3ds2-android:1.2.2] AndroidManifest.xml:16:13-95
184            android:theme="@style/Stripe3DS2Theme" />
184-->[com.stripe:stripe-3ds2-android:1.2.2] AndroidManifest.xml:17:13-51
185
186        <receiver
186-->[com.google.firebase:firebase-messaging:21.1.0] AndroidManifest.xml:28:9-35:20
187            android:name="com.google.firebase.iid.FirebaseInstanceIdReceiver"
187-->[com.google.firebase:firebase-messaging:21.1.0] AndroidManifest.xml:29:13-78
188            android:exported="true"
188-->[com.google.firebase:firebase-messaging:21.1.0] AndroidManifest.xml:30:13-36
189            android:permission="com.google.android.c2dm.permission.SEND" >
189-->[com.google.firebase:firebase-messaging:21.1.0] AndroidManifest.xml:31:13-73
190            <intent-filter>
190-->[:firebase_messaging] AndroidManifest.xml:28:13-30:29
191                <action android:name="com.google.android.c2dm.intent.RECEIVE" />
191-->[:firebase_messaging] AndroidManifest.xml:29:17-81
191-->[:firebase_messaging] AndroidManifest.xml:29:25-78
192            </intent-filter>
193        </receiver>
194        <!--
195             FirebaseMessagingService performs security checks at runtime,
196             but set to not exported to explicitly avoid allowing another app to call it.
197        -->
198        <service
198-->[com.google.firebase:firebase-messaging:21.1.0] AndroidManifest.xml:41:9-48:19
199            android:name="com.google.firebase.messaging.FirebaseMessagingService"
199-->[com.google.firebase:firebase-messaging:21.1.0] AndroidManifest.xml:42:13-82
200            android:directBootAware="true"
200-->[com.google.firebase:firebase-messaging:21.1.0] AndroidManifest.xml:43:13-43
201            android:exported="false" >
201-->[com.google.firebase:firebase-messaging:21.1.0] AndroidManifest.xml:44:13-37
202            <intent-filter android:priority="-500" >
202-->[:firebase_messaging] AndroidManifest.xml:19:13-21:29
203                <action android:name="com.google.firebase.MESSAGING_EVENT" />
203-->[:firebase_messaging] AndroidManifest.xml:20:17-78
203-->[:firebase_messaging] AndroidManifest.xml:20:25-75
204            </intent-filter>
205        </service>
206        <service
206-->[com.google.android.datatransport:transport-backend-cct:2.3.3] AndroidManifest.xml:29:9-35:19
207            android:name="com.google.android.datatransport.runtime.backends.TransportBackendDiscovery"
207-->[com.google.android.datatransport:transport-backend-cct:2.3.3] AndroidManifest.xml:30:13-103
208            android:exported="false" >
208-->[com.google.android.datatransport:transport-backend-cct:2.3.3] AndroidManifest.xml:31:13-37
209            <meta-data
209-->[com.google.android.datatransport:transport-backend-cct:2.3.3] AndroidManifest.xml:32:13-34:39
210                android:name="backend:com.google.android.datatransport.cct.CctBackendFactory"
210-->[com.google.android.datatransport:transport-backend-cct:2.3.3] AndroidManifest.xml:33:17-94
211                android:value="cct" />
211-->[com.google.android.datatransport:transport-backend-cct:2.3.3] AndroidManifest.xml:34:17-36
212        </service>
213
214        <activity
214-->[com.google.firebase:firebase-auth:20.0.4] AndroidManifest.xml:27:9-44:20
215            android:name="com.google.firebase.auth.internal.GenericIdpActivity"
215-->[com.google.firebase:firebase-auth:20.0.4] AndroidManifest.xml:28:13-80
216            android:excludeFromRecents="true"
216-->[com.google.firebase:firebase-auth:20.0.4] AndroidManifest.xml:29:13-46
217            android:exported="true"
217-->[com.google.firebase:firebase-auth:20.0.4] AndroidManifest.xml:30:13-36
218            android:launchMode="singleTask"
218-->[com.google.firebase:firebase-auth:20.0.4] AndroidManifest.xml:31:13-44
219            android:theme="@android:style/Theme.Translucent.NoTitleBar" >
219-->[com.google.firebase:firebase-auth:20.0.4] AndroidManifest.xml:32:13-72
220            <intent-filter>
220-->[com.google.firebase:firebase-auth:20.0.4] AndroidManifest.xml:33:13-43:29
221                <action android:name="android.intent.action.VIEW" />
221-->[:stripe_payment] AndroidManifest.xml:27:17-69
221-->[:stripe_payment] AndroidManifest.xml:27:25-66
222
223                <category android:name="android.intent.category.DEFAULT" />
223-->[:stripe_payment] AndroidManifest.xml:29:17-76
223-->[:stripe_payment] AndroidManifest.xml:29:27-73
224                <category android:name="android.intent.category.BROWSABLE" />
224-->[:stripe_payment] AndroidManifest.xml:30:17-78
224-->[:stripe_payment] AndroidManifest.xml:30:27-75
225
226                <data
226-->[:stripe_payment] AndroidManifest.xml:32:17-50
227                    android:host="firebase.auth"
228                    android:path="/"
229                    android:scheme="genericidp" />
229-->[:stripe_payment] AndroidManifest.xml:32:23-47
230            </intent-filter>
231        </activity>
232        <activity
232-->[com.google.firebase:firebase-auth:20.0.4] AndroidManifest.xml:45:9-62:20
233            android:name="com.google.firebase.auth.internal.RecaptchaActivity"
233-->[com.google.firebase:firebase-auth:20.0.4] AndroidManifest.xml:46:13-79
234            android:excludeFromRecents="true"
234-->[com.google.firebase:firebase-auth:20.0.4] AndroidManifest.xml:47:13-46
235            android:exported="true"
235-->[com.google.firebase:firebase-auth:20.0.4] AndroidManifest.xml:48:13-36
236            android:launchMode="singleTask"
236-->[com.google.firebase:firebase-auth:20.0.4] AndroidManifest.xml:49:13-44
237            android:theme="@android:style/Theme.Translucent.NoTitleBar" >
237-->[com.google.firebase:firebase-auth:20.0.4] AndroidManifest.xml:50:13-72
238            <intent-filter>
238-->[com.google.firebase:firebase-auth:20.0.4] AndroidManifest.xml:51:13-61:29
239                <action android:name="android.intent.action.VIEW" />
239-->[:stripe_payment] AndroidManifest.xml:27:17-69
239-->[:stripe_payment] AndroidManifest.xml:27:25-66
240
241                <category android:name="android.intent.category.DEFAULT" />
241-->[:stripe_payment] AndroidManifest.xml:29:17-76
241-->[:stripe_payment] AndroidManifest.xml:29:27-73
242                <category android:name="android.intent.category.BROWSABLE" />
242-->[:stripe_payment] AndroidManifest.xml:30:17-78
242-->[:stripe_payment] AndroidManifest.xml:30:27-75
243
244                <data
244-->[:stripe_payment] AndroidManifest.xml:32:17-50
245                    android:host="firebase.auth"
246                    android:path="/"
247                    android:scheme="recaptcha" />
247-->[:stripe_payment] AndroidManifest.xml:32:23-47
248            </intent-filter>
249        </activity>
250
251        <service
251-->[com.google.firebase:firebase-auth:20.0.4] AndroidManifest.xml:64:9-73:19
252            android:name="com.google.firebase.auth.api.fallback.service.FirebaseAuthFallbackService"
252-->[com.google.firebase:firebase-auth:20.0.4] AndroidManifest.xml:65:13-101
253            android:enabled="true"
253-->[com.google.firebase:firebase-auth:20.0.4] AndroidManifest.xml:66:13-35
254            android:exported="false" >
254-->[com.google.firebase:firebase-auth:20.0.4] AndroidManifest.xml:67:13-37
255            <intent-filter>
255-->[com.google.firebase:firebase-auth:20.0.4] AndroidManifest.xml:68:13-72:29
256                <action android:name="com.google.firebase.auth.api.gms.service.START" />
256-->[com.google.firebase:firebase-auth:20.0.4] AndroidManifest.xml:69:17-89
256-->[com.google.firebase:firebase-auth:20.0.4] AndroidManifest.xml:69:25-86
257
258                <category android:name="android.intent.category.DEFAULT" />
258-->[:stripe_payment] AndroidManifest.xml:29:17-76
258-->[:stripe_payment] AndroidManifest.xml:29:27-73
259            </intent-filter>
260        </service>
261
262        <provider
262-->[com.google.firebase:firebase-common:19.5.0] AndroidManifest.xml:26:9-31:39
263            android:name="com.google.firebase.provider.FirebaseInitProvider"
263-->[com.google.firebase:firebase-common:19.5.0] AndroidManifest.xml:27:13-77
264            android:authorities="com.santosenoque.untitled.firebaseinitprovider"
264-->[com.google.firebase:firebase-common:19.5.0] AndroidManifest.xml:28:13-72
265            android:directBootAware="true"
265-->[com.google.firebase:firebase-common:19.5.0] AndroidManifest.xml:29:13-43
266            android:exported="false"
266-->[com.google.firebase:firebase-common:19.5.0] AndroidManifest.xml:30:13-37
267            android:initOrder="100" /> <!-- Needs to be explicitly declared on P+ -->
267-->[com.google.firebase:firebase-common:19.5.0] AndroidManifest.xml:31:13-36
268        <uses-library
268-->[com.google.android.gms:play-services-maps:17.0.0] AndroidManifest.xml:33:9-35:40
269            android:name="org.apache.http.legacy"
269-->[com.google.android.gms:play-services-maps:17.0.0] AndroidManifest.xml:34:13-50
270            android:required="false" />
270-->[com.google.android.gms:play-services-maps:17.0.0] AndroidManifest.xml:35:13-37
271
272        <activity
272-->[com.google.android.gms:play-services-base:17.1.0] AndroidManifest.xml:23:9-26:75
273            android:name="com.google.android.gms.common.api.GoogleApiActivity"
273-->[com.google.android.gms:play-services-base:17.1.0] AndroidManifest.xml:24:13-79
274            android:exported="false"
274-->[com.google.android.gms:play-services-base:17.1.0] AndroidManifest.xml:25:13-37
275            android:theme="@android:style/Theme.Translucent.NoTitleBar" />
275-->[com.google.android.gms:play-services-base:17.1.0] AndroidManifest.xml:26:13-72
276
277        <meta-data
277-->[com.google.android.gms:play-services-basement:17.1.0] AndroidManifest.xml:23:9-25:69
278            android:name="com.google.android.gms.version"
278-->[com.google.android.gms:play-services-basement:17.1.0] AndroidManifest.xml:24:13-58
279            android:value="@integer/google_play_services_version" />
279-->[com.google.android.gms:play-services-basement:17.1.0] AndroidManifest.xml:25:13-66
280
281        <service
281-->[com.google.android.datatransport:transport-runtime:2.2.5] AndroidManifest.xml:26:9-30:19
282            android:name="com.google.android.datatransport.runtime.scheduling.jobscheduling.JobInfoSchedulerService"
282-->[com.google.android.datatransport:transport-runtime:2.2.5] AndroidManifest.xml:27:13-117
283            android:exported="false"
283-->[com.google.android.datatransport:transport-runtime:2.2.5] AndroidManifest.xml:28:13-37
284            android:permission="android.permission.BIND_JOB_SERVICE" >
284-->[com.google.android.datatransport:transport-runtime:2.2.5] AndroidManifest.xml:29:13-69
285        </service>
286
287        <receiver
287-->[com.google.android.datatransport:transport-runtime:2.2.5] AndroidManifest.xml:32:9-34:40
288            android:name="com.google.android.datatransport.runtime.scheduling.jobscheduling.AlarmManagerSchedulerBroadcastReceiver"
288-->[com.google.android.datatransport:transport-runtime:2.2.5] AndroidManifest.xml:33:13-132
289            android:exported="false" />
289-->[com.google.android.datatransport:transport-runtime:2.2.5] AndroidManifest.xml:34:13-37
290    </application>
291
292</manifest>